app/build/intermediates/manifest_merge_blame_file/release/manifest-merger-blame-release-report.txt
1<?xml version="1.0" encoding="utf-8"?>
2<!--
3    Copyright 2019 Google Inc. All Rights Reserved.
4
5     Licensed under the Apache License, Version 2.0 (the "License");
6     you may not use this file except in compliance with the License.
7     You may obtain a copy of the License at
8
9         http://www.apache.org/licenses/LICENSE-2.0
10
11     Unless required by applicable law or agreed to in writing, software
12     distributed under the License is distributed on an "AS IS" BASIS,
13     WITHOUT WARRANTIES OR CONDITIONS OF ANY KIND, either express or implied.
14     See the License for the specific language governing permissions and
15     limitations under the License.
16-->
17<!--
18 The "package" attribute is rewritten by the Gradle build with the value of applicationId.
19     It is still required here, as it is used to derive paths, for instance when referring
20     to an Activity by ".MyActivity" instead of the full name. If more Activities are added to the
21     application, the package attribute will need to reflect the correct path in order to use
22     the abbreviated format.
23-->
24<manifest xmlns:android="http://schemas.android.com/apk/res/android"
25    package="com.sadchonks"
26    android:versionCode="1"
27    android:versionName="1.0.0.0" >
28
29    <uses-sdk
30        android:minSdkVersion="19"
30-->src/main/AndroidManifest.xml
31        android:targetSdkVersion="30" />
31-->src/main/AndroidManifest.xml
32
33    <uses-permission android:name="android.permission.ACCESS_FINE_LOCATION" />
33-->[com.google.androidbrowserhelper:locationdelegation:1.0.0] AndroidManifest.xml:11:5-79
33-->[com.google.androidbrowserhelper:locationdelegation:1.0.0] AndroidManifest.xml:11:22-76
34
35    <queries>
35-->[com.google.androidbrowserhelper:androidbrowserhelper:2.2.0] AndroidManifest.xml:26:5-34:15
36        <intent>
36-->[com.google.androidbrowserhelper:androidbrowserhelper:2.2.0] AndroidManifest.xml:27:9-33:18
37            <action android:name="android.intent.action.VIEW" />
37-->src/main/AndroidManifest.xml:134:17-68
37-->src/main/AndroidManifest.xml:134:25-66
38
39            <category android:name="android.intent.category.BROWSABLE" />
39-->src/main/AndroidManifest.xml:136:17-77
39-->src/main/AndroidManifest.xml:136:27-75
40
41            <data android:scheme="https" />
41-->src/main/AndroidManifest.xml:123:25-63
41-->src/main/AndroidManifest.xml:137:23-45
42        </intent>
43    </queries>
44
45    <application
45-->src/main/AndroidManifest.xml:29:5-174:19
46        android:name="com.sadchonks.Application"
46-->src/main/AndroidManifest.xml:30:9-35
47        android:allowBackup="true"
47-->src/main/AndroidManifest.xml:31:9-35
48        android:appComponentFactory="androidx.core.app.CoreComponentFactory"
48-->[androidx.core:core:1.1.0] AndroidManifest.xml:24:18-86
49        android:icon="@mipmap/ic_launcher"
49-->src/main/AndroidManifest.xml:32:9-43
50        android:label="@string/appName"
50-->src/main/AndroidManifest.xml:33:9-40
51        android:manageSpaceActivity="com.google.androidbrowserhelper.trusted.ManageDataLauncherActivity"
51-->src/main/AndroidManifest.xml:35:9-105
52        android:supportsRtl="true"
52-->src/main/AndroidManifest.xml:37:9-35
53        android:theme="@android:style/Theme.Translucent.NoTitleBar" >
53-->src/main/AndroidManifest.xml:38:9-68
54        <meta-data
54-->src/main/AndroidManifest.xml:40:9-42:58
55            android:name="asset_statements"
55-->src/main/AndroidManifest.xml:41:13-44
56            android:resource="@string/assetStatements" />
56-->src/main/AndroidManifest.xml:42:13-55
57        <meta-data
57-->src/main/AndroidManifest.xml:45:13-47:58
58            android:name="web_manifest_url"
58-->src/main/AndroidManifest.xml:46:17-48
59            android:value="@string/webManifestUrl" />
59-->src/main/AndroidManifest.xml:47:17-55
60        <meta-data
60-->src/main/AndroidManifest.xml:50:9-52:52
61            android:name="twa_generator"
61-->src/main/AndroidManifest.xml:51:13-41
62            android:value="@string/generatorApp" />
62-->src/main/AndroidManifest.xml:52:13-49
63
64        <activity android:name="com.google.androidbrowserhelper.trusted.ManageDataLauncherActivity" >
64-->src/main/AndroidManifest.xml:55:13-59:24
64-->src/main/AndroidManifest.xml:55:23-104
65            <meta-data
65-->src/main/AndroidManifest.xml:56:13-58:53
66                android:name="android.support.customtabs.trusted.MANAGE_SPACE_URL"
66-->src/main/AndroidManifest.xml:57:17-83
67                android:value="@string/launchUrl" />
67-->src/main/AndroidManifest.xml:58:17-50
68        </activity>
69        <activity
69-->src/main/AndroidManifest.xml:62:9-140:20
70            android:name="com.sadchonks.LauncherActivity"
70-->src/main/AndroidManifest.xml:62:19-50
71            android:alwaysRetainTaskState="true"
71-->src/main/AndroidManifest.xml:63:13-49
72            android:label="@string/launcherName" >
72-->src/main/AndroidManifest.xml:64:13-49
73            <meta-data
73-->src/main/AndroidManifest.xml:65:13-66:53
74                android:name="android.support.customtabs.trusted.DEFAULT_URL"
74-->src/main/AndroidManifest.xml:65:24-85
75                android:value="@string/launchUrl" />
75-->src/main/AndroidManifest.xml:66:17-50
76            <meta-data
76-->src/main/AndroidManifest.xml:68:13-70:58
77                android:name="android.support.customtabs.trusted.STATUS_BAR_COLOR"
77-->src/main/AndroidManifest.xml:69:17-83
78                android:resource="@color/colorPrimary" />
78-->src/main/AndroidManifest.xml:70:17-55
79            <meta-data
79-->src/main/AndroidManifest.xml:72:13-74:61
80                android:name="android.support.customtabs.trusted.NAVIGATION_BAR_COLOR"
80-->src/main/AndroidManifest.xml:73:17-87
81                android:resource="@color/navigationColor" />
81-->src/main/AndroidManifest.xml:74:17-58
82            <meta-data
82-->src/main/AndroidManifest.xml:76:13-78:65
83                android:name="android.support.customtabs.trusted.NAVIGATION_BAR_COLOR_DARK"
83-->src/main/AndroidManifest.xml:77:17-92
84                android:resource="@color/navigationColorDark" />
84-->src/main/AndroidManifest.xml:78:17-62
85            <meta-data
85-->src/main/AndroidManifest.xml:80:13-82:68
86                android:name="androix.browser.trusted.NAVIGATION_BAR_DIVIDER_COLOR"
86-->src/main/AndroidManifest.xml:81:17-84
87                android:resource="@color/navigationDividerColor" />
87-->src/main/AndroidManifest.xml:82:17-65
88            <meta-data
88-->src/main/AndroidManifest.xml:84:13-86:72
89                android:name="androix.browser.trusted.NAVIGATION_BAR_DIVIDER_COLOR_DARK"
89-->src/main/AndroidManifest.xml:85:17-89
90                android:resource="@color/navigationDividerColorDark" />
90-->src/main/AndroidManifest.xml:86:17-69
91            <meta-data
91-->src/main/AndroidManifest.xml:88:13-89:54
92                android:name="android.support.customtabs.trusted.SPLASH_IMAGE_DRAWABLE"
92-->src/main/AndroidManifest.xml:88:24-95
93                android:resource="@drawable/splash" />
93-->src/main/AndroidManifest.xml:89:17-52
94            <meta-data
94-->src/main/AndroidManifest.xml:91:13-92:60
95                android:name="android.support.customtabs.trusted.SPLASH_SCREEN_BACKGROUND_COLOR"
95-->src/main/AndroidManifest.xml:91:24-104
96                android:resource="@color/backgroundColor" />
96-->src/main/AndroidManifest.xml:92:17-58
97            <meta-data
97-->src/main/AndroidManifest.xml:94:13-95:71
98                android:name="android.support.customtabs.trusted.SPLASH_SCREEN_FADE_OUT_DURATION"
98-->src/main/AndroidManifest.xml:94:24-105
99                android:value="@integer/splashScreenFadeOutDuration" />
99-->src/main/AndroidManifest.xml:95:17-69
100            <meta-data
100-->src/main/AndroidManifest.xml:97:13-98:60
101                android:name="android.support.customtabs.trusted.FILE_PROVIDER_AUTHORITY"
101-->src/main/AndroidManifest.xml:97:24-97
102                android:value="@string/providerAuthority" />
102-->src/main/AndroidManifest.xml:98:17-58
103            <meta-data
103-->src/main/AndroidManifest.xml:100:13-97
104                android:name="android.app.shortcuts"
104-->src/main/AndroidManifest.xml:100:24-60
105                android:resource="@xml/shortcuts" />
105-->src/main/AndroidManifest.xml:100:61-94
106            <meta-data
106-->src/main/AndroidManifest.xml:102:13-103:56
107                android:name="android.support.customtabs.trusted.FALLBACK_STRATEGY"
107-->src/main/AndroidManifest.xml:102:24-91
108                android:value="@string/fallbackType" />
108-->src/main/AndroidManifest.xml:103:17-53
109            <meta-data
109-->src/main/AndroidManifest.xml:106:17-108:61
110                android:name="android.support.customtabs.trusted.METADATA_SHARE_TARGET"
110-->src/main/AndroidManifest.xml:107:21-92
111                android:resource="@string/shareTarget" />
111-->src/main/AndroidManifest.xml:108:21-59
112            <meta-data
112-->src/main/AndroidManifest.xml:113:13-114:54
113                android:name="android.support.customtabs.trusted.SCREEN_ORIENTATION"
113-->src/main/AndroidManifest.xml:113:24-92
114                android:value="@string/orientation" />
114-->src/main/AndroidManifest.xml:114:17-52
115
116            <intent-filter>
116-->src/main/AndroidManifest.xml:117:17-125:33
117                <action android:name="android.intent.action.SEND" />
117-->src/main/AndroidManifest.xml:119:25-77
117-->src/main/AndroidManifest.xml:119:33-74
118
119                <category android:name="android.intent.category.DEFAULT" />
119-->src/main/AndroidManifest.xml:121:21-80
119-->src/main/AndroidManifest.xml:121:31-77
120
121                <data android:mimeType="text/plain" />
121-->src/main/AndroidManifest.xml:123:25-63
121-->src/main/AndroidManifest.xml:123:31-60
122            </intent-filter>
123            <intent-filter>
123-->src/main/AndroidManifest.xml:128:13-131:29
124                <action android:name="android.intent.action.MAIN" />
124-->src/main/AndroidManifest.xml:129:17-69
124-->src/main/AndroidManifest.xml:129:25-66
125
126                <category android:name="android.intent.category.LAUNCHER" />
126-->src/main/AndroidManifest.xml:130:17-77
126-->src/main/AndroidManifest.xml:130:27-74
127            </intent-filter>
128            <intent-filter android:autoVerify="true" >
128-->src/main/AndroidManifest.xml:133:13-139:29
128-->src/main/AndroidManifest.xml:133:28-53
129                <action android:name="android.intent.action.VIEW" />
129-->src/main/AndroidManifest.xml:134:17-68
129-->src/main/AndroidManifest.xml:134:25-66
130
131                <category android:name="android.intent.category.DEFAULT" />
131-->src/main/AndroidManifest.xml:121:21-80
131-->src/main/AndroidManifest.xml:121:31-77
132                <category android:name="android.intent.category.BROWSABLE" />
132-->src/main/AndroidManifest.xml:136:17-77
132-->src/main/AndroidManifest.xml:136:27-75
133
134                <data
134-->src/main/AndroidManifest.xml:123:25-63
135                    android:host="@string/hostName"
135-->src/main/AndroidManifest.xml:138:21-52
136                    android:scheme="https" />
136-->src/main/AndroidManifest.xml:137:23-45
137            </intent-filter>
138        </activity>
139        <activity android:name="com.google.androidbrowserhelper.trusted.FocusActivity" />
139-->src/main/AndroidManifest.xml:142:9-90
139-->src/main/AndroidManifest.xml:142:19-87
140        <activity
140-->src/main/AndroidManifest.xml:144:9-145:62
141            android:name="com.google.androidbrowserhelper.trusted.WebViewFallbackActivity"
141-->src/main/AndroidManifest.xml:144:19-97
142            android:configChanges="orientation|screenSize" />
142-->src/main/AndroidManifest.xml:145:13-59
143
144        <provider
144-->src/main/AndroidManifest.xml:147:9-155:20
145            android:name="androidx.core.content.FileProvider"
145-->src/main/AndroidManifest.xml:148:13-62
146            android:authorities="@string/providerAuthority"
146-->src/main/AndroidManifest.xml:149:13-60
147            android:exported="false"
147-->src/main/AndroidManifest.xml:151:13-37
148            android:grantUriPermissions="true" >
148-->src/main/AndroidManifest.xml:150:13-47
149            <meta-data
149-->src/main/AndroidManifest.xml:152:13-154:53
150                android:name="android.support.FILE_PROVIDER_PATHS"
150-->src/main/AndroidManifest.xml:153:17-67
151                android:resource="@xml/filepaths" />
151-->src/main/AndroidManifest.xml:154:17-50
152        </provider>
153
154        <service
154-->src/main/AndroidManifest.xml:157:9-168:19
155            android:name="com.sadchonks.DelegationService"
155-->src/main/AndroidManifest.xml:158:13-46
156            android:enabled="@bool/enableNotification"
156-->src/main/AndroidManifest.xml:159:13-55
157            android:exported="@bool/enableNotification" >
157-->src/main/AndroidManifest.xml:160:13-56
158            <intent-filter>
158-->src/main/AndroidManifest.xml:164:13-167:29
159                <action android:name="android.support.customtabs.trusted.TRUSTED_WEB_ACTIVITY_SERVICE" />
159-->src/main/AndroidManifest.xml:165:17-105
159-->src/main/AndroidManifest.xml:165:25-103
160
161                <category android:name="android.intent.category.DEFAULT" />
161-->src/main/AndroidManifest.xml:121:21-80
161-->src/main/AndroidManifest.xml:121:31-77
162            </intent-filter>
163        </service>
164
165        <activity android:name="com.google.androidbrowserhelper.locationdelegation.PermissionRequestActivity" />
165-->src/main/AndroidManifest.xml:171:13-172:89
165-->src/main/AndroidManifest.xml:171:23-123
166        <activity
166-->[com.google.android.gms:play-services-base:17.0.0] AndroidManifest.xml:23:9-26:75
167            android:name="com.google.android.gms.common.api.GoogleApiActivity"
167-->[com.google.android.gms:play-services-base:17.0.0] AndroidManifest.xml:24:13-79
168            android:exported="false"
168-->[com.google.android.gms:play-services-base:17.0.0] AndroidManifest.xml:25:13-37
169            android:theme="@android:style/Theme.Translucent.NoTitleBar" />
169-->[com.google.android.gms:play-services-base:17.0.0] AndroidManifest.xml:26:13-72
170
171        <meta-data
171-->[com.google.android.gms:play-services-basement:17.0.0] AndroidManifest.xml:23:9-25:69
172            android:name="com.google.android.gms.version"
172-->[com.google.android.gms:play-services-basement:17.0.0] AndroidManifest.xml:24:13-58
173            android:value="@integer/google_play_services_version" />
173-->[com.google.android.gms:play-services-basement:17.0.0] AndroidManifest.xml:25:13-66
174    </application>
175
176</manifest>